[0.382s] Invoking command in '/home/dany/Desktop/rtabmap_ws/src/rtabrs': PYTHONPATH=/home/dany/Desktop/rtabmap_ws/build/rtabrs/prefix_override:/home/dany/Desktop/rtabmap_ws/install/rtabrs/lib/python3.10/site-packages:${PYTHONPATH} /usr/bin/python3 setup.py egg_info --egg-base ../../build/rtabrs build --build-base /home/dany/Desktop/rtabmap_ws/build/rtabrs/build install --record /home/dany/Desktop/rtabmap_ws/build/rtabrs/install.log --single-version-externally-managed
[0.516s] running egg_info
[0.516s] creating ../../build/rtabrs/rtabrs.egg-info
[0.516s] writing ../../build/rtabrs/rtabrs.egg-info/PKG-INFO
[0.516s] writing dependency_links to ../../build/rtabrs/rtabrs.egg-info/dependency_links.txt
[0.516s] writing entry points to ../../build/rtabrs/rtabrs.egg-info/entry_points.txt
[0.517s] writing requirements to ../../build/rtabrs/rtabrs.egg-info/requires.txt
[0.517s] writing top-level names to ../../build/rtabrs/rtabrs.egg-info/top_level.txt
[0.517s] writing manifest file '../../build/rtabrs/rtabrs.egg-info/SOURCES.txt'
[0.518s] reading manifest file '../../build/rtabrs/rtabrs.egg-info/SOURCES.txt'
[0.518s] writing manifest file '../../build/rtabrs/rtabrs.egg-info/SOURCES.txt'
[0.518s] running build
[0.518s] running build_py
[0.518s] creating /home/dany/Desktop/rtabmap_ws/build/rtabrs/build
[0.519s] creating /home/dany/Desktop/rtabmap_ws/build/rtabrs/build/lib
[0.519s] creating /home/dany/Desktop/rtabmap_ws/build/rtabrs/build/lib/rtabrs
[0.519s] copying rtabrs/__init__.py -> /home/dany/Desktop/rtabmap_ws/build/rtabrs/build/lib/rtabrs
[0.519s] running install
[0.525s] /usr/lib/python3/dist-packages/setuptools/command/install.py:34: SetuptoolsDeprecationWarning: setup.py install is deprecated. Use build and pip and other standards-based tools.
[0.526s]   warnings.warn(
[0.526s] running install_lib
[0.527s] creating /home/dany/Desktop/rtabmap_ws/install/rtabrs/lib/python3.10/site-packages/rtabrs
[0.527s] copying /home/dany/Desktop/rtabmap_ws/build/rtabrs/build/lib/rtabrs/__init__.py -> /home/dany/Desktop/rtabmap_ws/install/rtabrs/lib/python3.10/site-packages/rtabrs
[0.527s] byte-compiling /home/dany/Desktop/rtabmap_ws/install/rtabrs/lib/python3.10/site-packages/rtabrs/__init__.py to __init__.cpython-310.pyc
[0.527s] running install_data
[0.528s] creating /home/dany/Desktop/rtabmap_ws/install/rtabrs/share/ament_index
[0.528s] creating /home/dany/Desktop/rtabmap_ws/install/rtabrs/share/ament_index/resource_index
[0.528s] creating /home/dany/Desktop/rtabmap_ws/install/rtabrs/share/ament_index/resource_index/packages
[0.528s] copying resource/rtabrs -> /home/dany/Desktop/rtabmap_ws/install/rtabrs/share/ament_index/resource_index/packages
[0.528s] copying package.xml -> /home/dany/Desktop/rtabmap_ws/install/rtabrs/share/rtabrs
[0.528s] running install_egg_info
[0.529s] Copying ../../build/rtabrs/rtabrs.egg-info to /home/dany/Desktop/rtabmap_ws/install/rtabrs/lib/python3.10/site-packages/rtabrs-0.0.0-py3.10.egg-info
[0.530s] running install_scripts
[0.545s] writing list of installed files to '/home/dany/Desktop/rtabmap_ws/build/rtabrs/install.log'
[0.565s] Invoked command in '/home/dany/Desktop/rtabmap_ws/src/rtabrs' returned '0': PYTHONPATH=/home/dany/Desktop/rtabmap_ws/build/rtabrs/prefix_override:/home/dany/Desktop/rtabmap_ws/install/rtabrs/lib/python3.10/site-packages:${PYTHONPATH} /usr/bin/python3 setup.py egg_info --egg-base ../../build/rtabrs build --build-base /home/dany/Desktop/rtabmap_ws/build/rtabrs/build install --record /home/dany/Desktop/rtabmap_ws/build/rtabrs/install.log --single-version-externally-managed
