[0.484s] Invoking command in '/home/dany/Desktop/rtabmap_ws/src/rtabrs': PYTHONPATH=/home/dany/Desktop/rtabmap_ws/build/rtabrs/prefix_override:/home/dany/Desktop/rtabmap_ws/install/rtabrs/lib/python3.10/site-packages:${PYTHONPATH} /usr/bin/python3 setup.py egg_info --egg-base ../../build/rtabrs build --build-base /home/dany/Desktop/rtabmap_ws/build/rtabrs/build install --record /home/dany/Desktop/rtabmap_ws/build/rtabrs/install.log --single-version-externally-managed
[0.621s] running egg_info
[0.621s] writing ../../build/rtabrs/rtabrs.egg-info/PKG-INFO
[0.621s] writing dependency_links to ../../build/rtabrs/rtabrs.egg-info/dependency_links.txt
[0.621s] writing entry points to ../../build/rtabrs/rtabrs.egg-info/entry_points.txt
[0.621s] writing requirements to ../../build/rtabrs/rtabrs.egg-info/requires.txt
[0.621s] writing top-level names to ../../build/rtabrs/rtabrs.egg-info/top_level.txt
[0.622s] reading manifest file '../../build/rtabrs/rtabrs.egg-info/SOURCES.txt'
[0.630s] writing manifest file '../../build/rtabrs/rtabrs.egg-info/SOURCES.txt'
[0.630s] running build
[0.630s] running build_py
[0.630s] running install
[0.631s] running install_lib
[0.633s] running install_data
[0.634s] copying launch/multiple_launch.py -> /home/dany/Desktop/rtabmap_ws/install/rtabrs/share/rtabrs/launch
[0.634s] running install_egg_info
[0.636s] removing '/home/dany/Desktop/rtabmap_ws/install/rtabrs/lib/python3.10/site-packages/rtabrs-0.0.0-py3.10.egg-info' (and everything under it)
[0.636s] Copying ../../build/rtabrs/rtabrs.egg-info to /home/dany/Desktop/rtabmap_ws/install/rtabrs/lib/python3.10/site-packages/rtabrs-0.0.0-py3.10.egg-info
[0.637s] running install_scripts
[0.654s] writing list of installed files to '/home/dany/Desktop/rtabmap_ws/build/rtabrs/install.log'
[0.682s] Invoked command in '/home/dany/Desktop/rtabmap_ws/src/rtabrs' returned '0': PYTHONPATH=/home/dany/Desktop/rtabmap_ws/build/rtabrs/prefix_override:/home/dany/Desktop/rtabmap_ws/install/rtabrs/lib/python3.10/site-packages:${PYTHONPATH} /usr/bin/python3 setup.py egg_info --egg-base ../../build/rtabrs build --build-base /home/dany/Desktop/rtabmap_ws/build/rtabrs/build install --record /home/dany/Desktop/rtabmap_ws/build/rtabrs/install.log --single-version-externally-managed
